<?xml version="1.0" encoding="UTF-8"?>
<testng-results ignored="0" total="4" passed="4" failed="0" skipped="0">
  <reporter-output>
  </reporter-output>
  <suite started-at="2025-05-22T20:25:24 IST" name="Suite" finished-at="2025-05-22T20:25:42 IST" duration-ms="18086">
    <groups>
      <group name="cucumber">
        <method signature="AbstractTestNGCucumberTests.runScenario(io.cucumber.testng.PickleWrapper,io.cucumber.testng.FeatureWrapper)[pri:0, instance:testRunnr.TestRunner@544fa968]" name="runScenario" class="io.cucumber.testng.AbstractTestNGCucumberTests"/>
      </group> <!-- cucumber -->
    </groups>
    <test started-at="2025-05-22T20:25:24 IST" name="Test" finished-at="2025-05-22T20:25:42 IST" duration-ms="18086">
      <class name="testRunnr.TestRunner">
        <test-method is-config="true" signature="setUpClass(org.testng.ITestContext)[pri:0, instance:testRunnr.TestRunner@544fa968]" started-at="2025-05-22T20:25:24 IST" name="setUpClass" finished-at="2025-05-22T20:25:26 IST" duration-ms="1628" status="PASS">
          <params>
            <param index="0">
              <value>
                <![CDATA[org.testng.TestRunner@3232a28a]]>
              </value>
            </param>
          </params>
          <reporter-output>
          </reporter-output>
        </test-method> <!-- setUpClass -->
        <test-method signature="runScenario(io.cucumber.testng.PickleWrapper,io.cucumber.testng.FeatureWrapper)[pri:0, instance:testRunnr.TestRunner@544fa968]" started-at="2025-05-22T20:25:26 IST" name="runScenario" description="Runs Cucumber Scenarios" data-provider="scenarios" finished-at="2025-05-22T20:25:30 IST" duration-ms="4276" status="PASS">
          <params>
            <param index="0">
              <value>
                <![CDATA["verify that user is able to click on search button"]]>
              </value>
            </param>
            <param index="1">
              <value>
                <![CDATA["mynewFeature2"]]>
              </value>
            </param>
          </params>
          <reporter-output>
          </reporter-output>
        </test-method> <!-- runScenario -->
        <test-method signature="runScenario(io.cucumber.testng.PickleWrapper,io.cucumber.testng.FeatureWrapper)[pri:0, instance:testRunnr.TestRunner@544fa968]" started-at="2025-05-22T20:25:30 IST" name="runScenario" description="Runs Cucumber Scenarios" data-provider="scenarios" finished-at="2025-05-22T20:25:32 IST" duration-ms="2243" status="PASS">
          <params>
            <param index="0">
              <value>
                <![CDATA["verify that user is able to click on search button"]]>
              </value>
            </param>
            <param index="1">
              <value>
                <![CDATA["mynewFeature2"]]>
              </value>
            </param>
          </params>
          <reporter-output>
          </reporter-output>
        </test-method> <!-- runScenario -->
        <test-method signature="runScenario(io.cucumber.testng.PickleWrapper,io.cucumber.testng.FeatureWrapper)[pri:0, instance:testRunnr.TestRunner@544fa968]" started-at="2025-05-22T20:25:32 IST" name="runScenario" description="Runs Cucumber Scenarios" data-provider="scenarios" finished-at="2025-05-22T20:25:35 IST" duration-ms="2624" status="PASS">
          <params>
            <param index="0">
              <value>
                <![CDATA["verify that user is able to click on search button"]]>
              </value>
            </param>
            <param index="1">
              <value>
                <![CDATA["mynewFeature2"]]>
              </value>
            </param>
          </params>
          <reporter-output>
          </reporter-output>
        </test-method> <!-- runScenario -->
        <test-method signature="runScenario(io.cucumber.testng.PickleWrapper,io.cucumber.testng.FeatureWrapper)[pri:0, instance:testRunnr.TestRunner@544fa968]" started-at="2025-05-22T20:25:35 IST" name="runScenario" description="Runs Cucumber Scenarios" data-provider="scenarios" finished-at="2025-05-22T20:25:38 IST" duration-ms="3370" status="PASS">
          <params>
            <param index="0">
              <value>
                <![CDATA["verify that user is able to click on search button"]]>
              </value>
            </param>
            <param index="1">
              <value>
                <![CDATA["mynewFeature2"]]>
              </value>
            </param>
          </params>
          <reporter-output>
          </reporter-output>
        </test-method> <!-- runScenario -->
        <test-method is-config="true" signature="tearDownClass()[pri:0, instance:testRunnr.TestRunner@544fa968]" started-at="2025-05-22T20:25:38 IST" name="tearDownClass" finished-at="2025-05-22T20:25:42 IST" duration-ms="3755" status="PASS">
          <reporter-output>
          </reporter-output>
        </test-method> <!-- tearDownClass -->
      </class> <!-- testRunnr.TestRunner -->
    </test> <!-- Test -->
  </suite> <!-- Suite -->
</testng-results>
